<?xml version="1.0" encoding="UTF-8"?>
<testExecutions version="1">
  <file path="/home/leo/Documentos/projetos/mine/TCC/StudeoUAI/backend/studeouai-api/src/modules/accounts/services/profile-service.test.ts">
    <testCase name="Test Profile Service Should return a profile with success" duration="8"/>
    <testCase name="Test Profile Service Should return error when call to profile by id" duration="4"/>
  </file>
</testExecutions>