<?xml version="1.0" encoding="UTF-8"?>
<testExecutions version="1">
  <file path="/home/leo/Documentos/projetos/mine/TCC/StudeoUAI/backend/studeouai-api/src/modules/accounts/services/update-user-avatar-service.test.ts">
    <testCase name="Test update user avatar Should return error when call to updateAvatarUser()" duration="26"/>
  </file>
</testExecutions>